#
# There is insufficient memory for the Java Runtime Environment to continue.
# Native memory allocation (malloc) failed to allocate 40672 bytes for Chunk::new
# Possible reasons:
#   The system is out of physical RAM or swap space
#   The process is running with CompressedOops enabled, and the Java Heap may be blocking the growth of the native heap
# Possible solutions:
#   Reduce memory load on the system
#   Increase physical memory or swap space
#   Check if swap backing store is full
#   Decrease Java heap size (-Xmx/-Xms)
#   Decrease number of Java threads
#   Decrease Java thread stack sizes (-Xss)
#   Set larger code cache with -XX:ReservedCodeCacheSize=
#   JVM is running with Unscaled Compressed Oops mode in which the Java heap is
#     placed in the first 4GB address space. The Java Heap base address is the
#     maximum limit for the native heap growth. Please use -XX:HeapBaseMinAddress
#     to set the Java Heap base and to place the Java Heap above 4GB virtual address.
# This output file may be truncated or incomplete.
#
#  Out of Memory Error (arena.cpp:168), pid=18052, tid=10848
#
# JRE version: Java(TM) SE Runtime Environment (21.0.2+13) (build 21.0.2+13-LTS-58)
# Java VM: Java HotSpot(TM) 64-Bit Server VM (21.0.2+13-LTS-58, mixed mode, sharing, tiered, compressed oops, compressed class ptrs, g1 gc, windows-amd64)
# No core dump will be written. Minidumps are not enabled by default on client versions of Windows
#

---------------  S U M M A R Y ------------

Command Line: -Dclassworlds.conf=C:\Users\Nitin\.m2\wrapper\dists\apache-maven-3.9.7\744dcc12d591e1ad9413e3296c618fd8\bin\m2.conf -Dmaven.home=C:\Users\Nitin\.m2\wrapper\dists\apache-maven-3.9.7\744dcc12d591e1ad9413e3296c618fd8 -Dlibrary.jansi.path=C:\Users\Nitin\.m2\wrapper\dists\apache-maven-3.9.7\744dcc12d591e1ad9413e3296c618fd8\lib\jansi-native -Dmaven.multiModuleProjectDirectory=C:\Users\Nitin\OneDrive\Documents\Week_4&5_Exercises\Week_4&5_Exercises\Exercise7\bookstoreapi org.codehaus.plexus.classworlds.launcher.Launcher -DskipTests=true -Dmaven.ext.class.path=C:\Users\Nitin\.vscode\extensions\oracle.oracle-java-22.1.1\nbcode\java\maven-nblib\netbeans-eventspy.jar --no-transfer-progress --fail-at-end install

Host: Intel(R) Core(TM) i5-10210U CPU @ 1.60GHz, 8 cores, 7G,  Windows 11 , 64 bit Build 22621 (10.0.22621.3958)
Time: Thu Aug 22 15:59:03 2024 India Standard Time elapsed time: 0.441862 seconds (0d 0h 0m 0s)

---------------  T H R E A D  ---------------

Current thread (0x0000028f716937f0):  JavaThread "C2 CompilerThread1" daemon [_thread_in_native, id=10848, stack(0x000000d47ef00000,0x000000d47f000000) (1024K)]


Current CompileTask:
C2:    442  719  s!   4       jdk.internal.loader.URLClassPath::getLoader (194 bytes)

Stack: [0x000000d47ef00000,0x000000d47f000000]
Native frames: (J=compiled Java code, j=interpreted, Vv=VM code, C=native code)
V  [jvm.dll+0x6cade9]
V  [jvm.dll+0x8569c1]
V  [jvm.dll+0x858d2e]
V  [jvm.dll+0x859413]
V  [jvm.dll+0x280e56]
V  [jvm.dll+0xc3f3d]
V  [jvm.dll+0xc4473]
V  [jvm.dll+0x3b5c2c]
V  [jvm.dll+0x1e1e8a]
V  [jvm.dll+0x249d22]
V  [jvm.dll+0x2491b1]
V  [jvm.dll+0x1c9634]
V  [jvm.dll+0x258859]
V  [jvm.dll+0x256e3a]
V  [jvm.dll+0x3ef6c6]
V  [jvm.dll+0x7ff568]
V  [jvm.dll+0x6c953d]
C  [ucrtbase.dll+0x29333]
C  [KERNEL32.DLL+0x1257d]
C  [ntdll.dll+0x5af28]


---------------  P R O C E S S  ---------------

Threads class SMR info:
_java_thread_list=0x0000028f7163d200, length=12, elements={
0x0000028f0d03fd80, 0x0000028f2bc0df00, 0x0000028f2bc10c30, 0x0000028f2bc14340,
0x0000028f2bc17280, 0x0000028f2bc180f0, 0x0000028f2bc157a0, 0x0000028f2bc3f820,
0x0000028f2bc40a60, 0x0000028f7115b4b0, 0x0000028f71164120, 0x0000028f716937f0
}

Java Threads: ( => current thread )
  0x0000028f0d03fd80 JavaThread "main"                              [_thread_in_vm, id=1752, stack(0x000000d47dd00000,0x000000d47de00000) (1024K)]
  0x0000028f2bc0df00 JavaThread "Reference Handler"          daemon [_thread_blocked, id=15208, stack(0x000000d47e500000,0x000000d47e600000) (1024K)]
  0x0000028f2bc10c30 JavaThread "Finalizer"                  daemon [_thread_blocked, id=24044, stack(0x000000d47e600000,0x000000d47e700000) (1024K)]
  0x0000028f2bc14340 JavaThread "Signal Dispatcher"          daemon [_thread_blocked, id=9340, stack(0x000000d47e700000,0x000000d47e800000) (1024K)]
  0x0000028f2bc17280 JavaThread "Attach Listener"            daemon [_thread_blocked, id=17720, stack(0x000000d47e800000,0x000000d47e900000) (1024K)]
  0x0000028f2bc180f0 JavaThread "Service Thread"             daemon [_thread_blocked, id=13596, stack(0x000000d47e900000,0x000000d47ea00000) (1024K)]
  0x0000028f2bc157a0 JavaThread "Monitor Deflation Thread"   daemon [_thread_blocked, id=16032, stack(0x000000d47ea00000,0x000000d47eb00000) (1024K)]
  0x0000028f2bc3f820 JavaThread "C2 CompilerThread0"         daemon [_thread_blocked, id=16356, stack(0x000000d47eb00000,0x000000d47ec00000) (1024K)]
  0x0000028f2bc40a60 JavaThread "C1 CompilerThread0"         daemon [_thread_blocked, id=19900, stack(0x000000d47ec00000,0x000000d47ed00000) (1024K)]
  0x0000028f7115b4b0 JavaThread "Notification Thread"        daemon [_thread_blocked, id=18828, stack(0x000000d47ed00000,0x000000d47ee00000) (1024K)]
  0x0000028f71164120 JavaThread "Common-Cleaner"             daemon [_thread_blocked, id=6288, stack(0x000000d47ee00000,0x000000d47ef00000) (1024K)]
=>0x0000028f716937f0 JavaThread "C2 CompilerThread1"         daemon [_thread_in_native, id=10848, stack(0x000000d47ef00000,0x000000d47f000000) (1024K)]
Total: 12

Other Threads:
  0x0000028f2bbecfa0 VMThread "VM Thread"                           [id=8400, stack(0x000000d47e400000,0x000000d47e500000) (1024K)]
  0x0000028f2bbd3410 WatcherThread "VM Periodic Task Thread"        [id=19592, stack(0x000000d47e300000,0x000000d47e400000) (1024K)]
  0x0000028f0f2df6d0 WorkerThread "GC Thread#0"                     [id=22744, stack(0x000000d47de00000,0x000000d47df00000) (1024K)]
  0x0000028f0f2f09c0 ConcurrentGCThread "G1 Main Marker"            [id=21248, stack(0x000000d47df00000,0x000000d47e000000) (1024K)]
  0x0000028f0f2f1670 WorkerThread "G1 Conc#0"                       [id=6040, stack(0x000000d47e000000,0x000000d47e100000) (1024K)]
  0x0000028f2baaa110 ConcurrentGCThread "G1 Refine#0"               [id=23960, stack(0x000000d47e100000,0x000000d47e200000) (1024K)]
  0x0000028f2baaa930 ConcurrentGCThread "G1 Service"                [id=14576, stack(0x000000d47e200000,0x000000d47e300000) (1024K)]
Total: 7

Threads with active compile tasks:
C2 CompilerThread1      461  719  s!   4       jdk.internal.loader.URLClassPath::getLoader (194 bytes)
Total: 1

VM state: not at safepoint (normal execution)

VM Mutex/Monitor currently owned by a thread: None

Heap address: 0x0000000082800000, size: 2008 MB, Compressed Oops mode: 32-bit

CDS archive(s) mapped at: [0x0000028f2c000000-0x0000028f2cc90000-0x0000028f2cc90000), size 13172736, SharedBaseAddress: 0x0000028f2c000000, ArchiveRelocationMode: 1.
Compressed class space mapped at: 0x0000028f2d000000-0x0000028f6d000000, reserved size: 1073741824
Narrow klass base: 0x0000028f2c000000, Narrow klass shift: 0, Narrow klass range: 0x100000000

GC Precious Log:
 CardTable entry size: 512
 Card Set container configuration: InlinePtr #cards 5 size 8 Array Of Cards #cards 12 size 40 Howl #buckets 4 coarsen threshold 1843 Howl Bitmap #cards 512 size 80 coarsen threshold 460 Card regions per heap region 1 cards per card region 2048
 CPUs: 8 total, 8 available
 Memory: 8028M
 Large Page Support: Disabled
 NUMA Support: Disabled
 Compressed Oops: Enabled (32-bit)
 Heap Region Size: 1M
 Heap Min Capacity: 8M
 Heap Initial Capacity: 126M
 Heap Max Capacity: 2008M
 Pre-touch: Disabled
 Parallel Workers: 8
 Concurrent Workers: 2
 Concurrent Refinement Workers: 8
 Periodic GC: Disabled

Heap:
 garbage-first heap   total 129024K, used 10240K [0x0000000082800000, 0x0000000100000000)
  region size 1024K, 11 young (11264K), 0 survivors (0K)
 Metaspace       used 2956K, committed 3072K, reserved 1114112K
  class space    used 278K, committed 320K, reserved 1048576K

Heap Regions: E=young(eden), S=young(survivor), O=old, HS=humongous(starts), HC=humongous(continues), CS=collection set, F=free, TAMS=top-at-mark-start, PB=parsable bottom
|   0|0x0000000082800000, 0x0000000082800000, 0x0000000082900000|  0%| F|  |TAMS 0x0000000082800000| PB 0x0000000082800000| Untracked 
|   1|0x0000000082900000, 0x0000000082900000, 0x0000000082a00000|  0%| F|  |TAMS 0x0000000082900000| PB 0x0000000082900000| Untracked 
|   2|0x0000000082a00000, 0x0000000082a00000, 0x0000000082b00000|  0%| F|  |TAMS 0x0000000082a00000| PB 0x0000000082a00000| Untracked 
|   3|0x0000000082b00000, 0x0000000082b00000, 0x0000000082c00000|  0%| F|  |TAMS 0x0000000082b00000| PB 0x0000000082b00000| Untracked 
|   4|0x0000000082c00000, 0x0000000082c00000, 0x0000000082d00000|  0%| F|  |TAMS 0x0000000082c00000| PB 0x0000000082c00000| Untracked 
|   5|0x0000000082d00000, 0x0000000082d00000, 0x0000000082e00000|  0%| F|  |TAMS 0x0000000082d00000| PB 0x0000000082d00000| Untracked 
|   6|0x0000000082e00000, 0x0000000082e00000, 0x0000000082f00000|  0%| F|  |TAMS 0x0000000082e00000| PB 0x0000000082e00000| Untracked 
|   7|0x0000000082f00000, 0x0000000082f00000, 0x0000000083000000|  0%| F|  |TAMS 0x0000000082f00000| PB 0x0000000082f00000| Untracked 
|   8|0x0000000083000000, 0x0000000083000000, 0x0000000083100000|  0%| F|  |TAMS 0x0000000083000000| PB 0x0000000083000000| Untracked 
|   9|0x0000000083100000, 0x0000000083100000, 0x0000000083200000|  0%| F|  |TAMS 0x0000000083100000| PB 0x0000000083100000| Untracked 
|  10|0x0000000083200000, 0x0000000083200000, 0x0000000083300000|  0%| F|  |TAMS 0x0000000083200000| PB 0x0000000083200000| Untracked 
|  11|0x0000000083300000, 0x0000000083300000, 0x0000000083400000|  0%| F|  |TAMS 0x0000000083300000| PB 0x0000000083300000| Untracked 
|  12|0x0000000083400000, 0x0000000083400000, 0x0000000083500000|  0%| F|  |TAMS 0x0000000083400000| PB 0x0000000083400000| Untracked 
|  13|0x0000000083500000, 0x0000000083500000, 0x0000000083600000|  0%| F|  |TAMS 0x0000000083500000| PB 0x0000000083500000| Untracked 
|  14|0x0000000083600000, 0x0000000083600000, 0x0000000083700000|  0%| F|  |TAMS 0x0000000083600000| PB 0x0000000083600000| Untracked 
|  15|0x0000000083700000, 0x0000000083700000, 0x0000000083800000|  0%| F|  |TAMS 0x0000000083700000| PB 0x0000000083700000| Untracked 
|  16|0x0000000083800000, 0x0000000083800000, 0x0000000083900000|  0%| F|  |TAMS 0x0000000083800000| PB 0x0000000083800000| Untracked 
|  17|0x0000000083900000, 0x0000000083900000, 0x0000000083a00000|  0%| F|  |TAMS 0x0000000083900000| PB 0x0000000083900000| Untracked 
|  18|0x0000000083a00000, 0x0000000083a00000, 0x0000000083b00000|  0%| F|  |TAMS 0x0000000083a00000| PB 0x0000000083a00000| Untracked 
|  19|0x0000000083b00000, 0x0000000083b00000, 0x0000000083c00000|  0%| F|  |TAMS 0x0000000083b00000| PB 0x0000000083b00000| Untracked 
|  20|0x0000000083c00000, 0x0000000083c00000, 0x0000000083d00000|  0%| F|  |TAMS 0x0000000083c00000| PB 0x0000000083c00000| Untracked 
|  21|0x0000000083d00000, 0x0000000083d00000, 0x0000000083e00000|  0%| F|  |TAMS 0x0000000083d00000| PB 0x0000000083d00000| Untracked 
|  22|0x0000000083e00000, 0x0000000083e00000, 0x0000000083f00000|  0%| F|  |TAMS 0x0000000083e00000| PB 0x0000000083e00000| Untracked 
|  23|0x0000000083f00000, 0x0000000083f00000, 0x0000000084000000|  0%| F|  |TAMS 0x0000000083f00000| PB 0x0000000083f00000| Untracked 
|  24|0x0000000084000000, 0x0000000084000000, 0x0000000084100000|  0%| F|  |TAMS 0x0000000084000000| PB 0x0000000084000000| Untracked 
|  25|0x0000000084100000, 0x0000000084100000, 0x0000000084200000|  0%| F|  |TAMS 0x0000000084100000| PB 0x0000000084100000| Untracked 
|  26|0x0000000084200000, 0x0000000084200000, 0x0000000084300000|  0%| F|  |TAMS 0x0000000084200000| PB 0x0000000084200000| Untracked 
|  27|0x0000000084300000, 0x0000000084300000, 0x0000000084400000|  0%| F|  |TAMS 0x0000000084300000| PB 0x0000000084300000| Untracked 
|  28|0x0000000084400000, 0x0000000084400000, 0x0000000084500000|  0%| F|  |TAMS 0x0000000084400000| PB 0x0000000084400000| Untracked 
|  29|0x0000000084500000, 0x0000000084500000, 0x0000000084600000|  0%| F|  |TAMS 0x0000000084500000| PB 0x0000000084500000| Untracked 
|  30|0x0000000084600000, 0x0000000084600000, 0x0000000084700000|  0%| F|  |TAMS 0x0000000084600000| PB 0x0000000084600000| Untracked 
|  31|0x0000000084700000, 0x0000000084700000, 0x0000000084800000|  0%| F|  |TAMS 0x0000000084700000| PB 0x0000000084700000| Untracked 
|  32|0x0000000084800000, 0x0000000084800000, 0x0000000084900000|  0%| F|  |TAMS 0x0000000084800000| PB 0x0000000084800000| Untracked 
|  33|0x0000000084900000, 0x0000000084900000, 0x0000000084a00000|  0%| F|  |TAMS 0x0000000084900000| PB 0x0000000084900000| Untracked 
|  34|0x0000000084a00000, 0x0000000084a00000, 0x0000000084b00000|  0%| F|  |TAMS 0x0000000084a00000| PB 0x0000000084a00000| Untracked 
|  35|0x0000000084b00000, 0x0000000084b00000, 0x0000000084c00000|  0%| F|  |TAMS 0x0000000084b00000| PB 0x0000000084b00000| Untracked 
|  36|0x0000000084c00000, 0x0000000084c00000, 0x0000000084d00000|  0%| F|  |TAMS 0x0000000084c00000| PB 0x0000000084c00000| Untracked 
|  37|0x0000000084d00000, 0x0000000084d00000, 0x0000000084e00000|  0%| F|  |TAMS 0x0000000084d00000| PB 0x0000000084d00000| Untracked 
|  38|0x0000000084e00000, 0x0000000084e00000, 0x0000000084f00000|  0%| F|  |TAMS 0x0000000084e00000| PB 0x0000000084e00000| Untracked 
|  39|0x0000000084f00000, 0x0000000084f00000, 0x0000000085000000|  0%| F|  |TAMS 0x0000000084f00000| PB 0x0000000084f00000| Untracked 
|  40|0x0000000085000000, 0x0000000085000000, 0x0000000085100000|  0%| F|  |TAMS 0x0000000085000000| PB 0x0000000085000000| Untracked 
|  41|0x0000000085100000, 0x0000000085100000, 0x0000000085200000|  0%| F|  |TAMS 0x0000000085100000| PB 0x0000000085100000| Untracked 
|  42|0x0000000085200000, 0x0000000085200000, 0x0000000085300000|  0%| F|  |TAMS 0x0000000085200000| PB 0x0000000085200000| Untracked 
|  43|0x0000000085300000, 0x0000000085300000, 0x0000000085400000|  0%| F|  |TAMS 0x0000000085300000| PB 0x0000000085300000| Untracked 
|  44|0x0000000085400000, 0x0000000085400000, 0x0000000085500000|  0%| F|  |TAMS 0x0000000085400000| PB 0x0000000085400000| Untracked 
|  45|0x0000000085500000, 0x0000000085500000, 0x0000000085600000|  0%| F|  |TAMS 0x0000000085500000| PB 0x0000000085500000| Untracked 
|  46|0x0000000085600000, 0x0000000085600000, 0x0000000085700000|  0%| F|  |TAMS 0x0000000085600000| PB 0x0000000085600000| Untracked 
|  47|0x0000000085700000, 0x0000000085700000, 0x0000000085800000|  0%| F|  |TAMS 0x0000000085700000| PB 0x0000000085700000| Untracked 
|  48|0x0000000085800000, 0x0000000085800000, 0x0000000085900000|  0%| F|  |TAMS 0x0000000085800000| PB 0x0000000085800000| Untracked 
|  49|0x0000000085900000, 0x0000000085900000, 0x0000000085a00000|  0%| F|  |TAMS 0x0000000085900000| PB 0x0000000085900000| Untracked 
|  50|0x0000000085a00000, 0x0000000085a00000, 0x0000000085b00000|  0%| F|  |TAMS 0x0000000085a00000| PB 0x0000000085a00000| Untracked 
|  51|0x0000000085b00000, 0x0000000085b00000, 0x0000000085c00000|  0%| F|  |TAMS 0x0000000085b00000| PB 0x0000000085b00000| Untracked 
|  52|0x0000000085c00000, 0x0000000085c00000, 0x0000000085d00000|  0%| F|  |TAMS 0x0000000085c00000| PB 0x0000000085c00000| Untracked 
|  53|0x0000000085d00000, 0x0000000085d00000, 0x0000000085e00000|  0%| F|  |TAMS 0x0000000085d00000| PB 0x0000000085d00000| Untracked 
|  54|0x0000000085e00000, 0x0000000085e00000, 0x0000000085f00000|  0%| F|  |TAMS 0x0000000085e00000| PB 0x0000000085e00000| Untracked 
|  55|0x0000000085f00000, 0x0000000085f00000, 0x0000000086000000|  0%| F|  |TAMS 0x0000000085f00000| PB 0x0000000085f00000| Untracked 
|  56|0x0000000086000000, 0x0000000086000000, 0x0000000086100000|  0%| F|  |TAMS 0x0000000086000000| PB 0x0000000086000000| Untracked 
|  57|0x0000000086100000, 0x0000000086100000, 0x0000000086200000|  0%| F|  |TAMS 0x0000000086100000| PB 0x0000000086100000| Untracked 
|  58|0x0000000086200000, 0x0000000086200000, 0x0000000086300000|  0%| F|  |TAMS 0x0000000086200000| PB 0x0000000086200000| Untracked 
|  59|0x0000000086300000, 0x0000000086300000, 0x0000000086400000|  0%| F|  |TAMS 0x0000000086300000| PB 0x0000000086300000| Untracked 
|  60|0x0000000086400000, 0x0000000086400000, 0x0000000086500000|  0%| F|  |TAMS 0x0000000086400000| PB 0x0000000086400000| Untracked 
|  61|0x0000000086500000, 0x0000000086500000, 0x0000000086600000|  0%| F|  |TAMS 0x0000000086500000| PB 0x0000000086500000| Untracked 
|  62|0x0000000086600000, 0x0000000086600000, 0x0000000086700000|  0%| F|  |TAMS 0x0000000086600000| PB 0x0000000086600000| Untracked 
|  63|0x0000000086700000, 0x0000000086700000, 0x0000000086800000|  0%| F|  |TAMS 0x0000000086700000| PB 0x0000000086700000| Untracked 
|  64|0x0000000086800000, 0x0000000086800000, 0x0000000086900000|  0%| F|  |TAMS 0x0000000086800000| PB 0x0000000086800000| Untracked 
|  65|0x0000000086900000, 0x0000000086900000, 0x0000000086a00000|  0%| F|  |TAMS 0x0000000086900000| PB 0x0000000086900000| Untracked 
|  66|0x0000000086a00000, 0x0000000086a00000, 0x0000000086b00000|  0%| F|  |TAMS 0x0000000086a00000| PB 0x0000000086a00000| Untracked 
|  67|0x0000000086b00000, 0x0000000086b00000, 0x0000000086c00000|  0%| F|  |TAMS 0x0000000086b00000| PB 0x0000000086b00000| Untracked 
|  68|0x0000000086c00000, 0x0000000086c00000, 0x0000000086d00000|  0%| F|  |TAMS 0x0000000086c00000| PB 0x0000000086c00000| Untracked 
|  69|0x0000000086d00000, 0x0000000086d00000, 0x0000000086e00000|  0%| F|  |TAMS 0x0000000086d00000| PB 0x0000000086d00000| Untracked 
|  70|0x0000000086e00000, 0x0000000086e00000, 0x0000000086f00000|  0%| F|  |TAMS 0x0000000086e00000| PB 0x0000000086e00000| Untracked 
|  71|0x0000000086f00000, 0x0000000086f00000, 0x0000000087000000|  0%| F|  |TAMS 0x0000000086f00000| PB 0x0000000086f00000| Untracked 
|  72|0x0000000087000000, 0x0000000087000000, 0x0000000087100000|  0%| F|  |TAMS 0x0000000087000000| PB 0x0000000087000000| Untracked 
|  73|0x0000000087100000, 0x0000000087100000, 0x0000000087200000|  0%| F|  |TAMS 0x0000000087100000| PB 0x0000000087100000| Untracked 
|  74|0x0000000087200000, 0x0000000087200000, 0x0000000087300000|  0%| F|  |TAMS 0x0000000087200000| PB 0x0000000087200000| Untracked 
|  75|0x0000000087300000, 0x0000000087300000, 0x0000000087400000|  0%| F|  |TAMS 0x0000000087300000| PB 0x0000000087300000| Untracked 
|  76|0x0000000087400000, 0x0000000087400000, 0x0000000087500000|  0%| F|  |TAMS 0x0000000087400000| PB 0x0000000087400000| Untracked 
|  77|0x0000000087500000, 0x0000000087500000, 0x0000000087600000|  0%| F|  |TAMS 0x0000000087500000| PB 0x0000000087500000| Untracked 
|  78|0x0000000087600000, 0x0000000087600000, 0x0000000087700000|  0%| F|  |TAMS 0x0000000087600000| PB 0x0000000087600000| Untracked 
|  79|0x0000000087700000, 0x0000000087700000, 0x0000000087800000|  0%| F|  |TAMS 0x0000000087700000| PB 0x0000000087700000| Untracked 
|  80|0x0000000087800000, 0x0000000087800000, 0x0000000087900000|  0%| F|  |TAMS 0x0000000087800000| PB 0x0000000087800000| Untracked 
|  81|0x0000000087900000, 0x0000000087900000, 0x0000000087a00000|  0%| F|  |TAMS 0x0000000087900000| PB 0x0000000087900000| Untracked 
|  82|0x0000000087a00000, 0x0000000087a00000, 0x0000000087b00000|  0%| F|  |TAMS 0x0000000087a00000| PB 0x0000000087a00000| Untracked 
|  83|0x0000000087b00000, 0x0000000087b00000, 0x0000000087c00000|  0%| F|  |TAMS 0x0000000087b00000| PB 0x0000000087b00000| Untracked 
|  84|0x0000000087c00000, 0x0000000087c00000, 0x0000000087d00000|  0%| F|  |TAMS 0x0000000087c00000| PB 0x0000000087c00000| Untracked 
|  85|0x0000000087d00000, 0x0000000087d00000, 0x0000000087e00000|  0%| F|  |TAMS 0x0000000087d00000| PB 0x0000000087d00000| Untracked 
|  86|0x0000000087e00000, 0x0000000087e00000, 0x0000000087f00000|  0%| F|  |TAMS 0x0000000087e00000| PB 0x0000000087e00000| Untracked 
|  87|0x0000000087f00000, 0x0000000087f00000, 0x0000000088000000|  0%| F|  |TAMS 0x0000000087f00000| PB 0x0000000087f00000| Untracked 
|  88|0x0000000088000000, 0x0000000088000000, 0x0000000088100000|  0%| F|  |TAMS 0x0000000088000000| PB 0x0000000088000000| Untracked 
|  89|0x0000000088100000, 0x0000000088100000, 0x0000000088200000|  0%| F|  |TAMS 0x0000000088100000| PB 0x0000000088100000| Untracked 
|  90|0x0000000088200000, 0x0000000088200000, 0x0000000088300000|  0%| F|  |TAMS 0x0000000088200000| PB 0x0000000088200000| Untracked 
|  91|0x0000000088300000, 0x0000000088300000, 0x0000000088400000|  0%| F|  |TAMS 0x0000000088300000| PB 0x0000000088300000| Untracked 
|  92|0x0000000088400000, 0x0000000088400000, 0x0000000088500000|  0%| F|  |TAMS 0x0000000088400000| PB 0x0000000088400000| Untracked 
|  93|0x0000000088500000, 0x0000000088500000, 0x0000000088600000|  0%| F|  |TAMS 0x0000000088500000| PB 0x0000000088500000| Untracked 
|  94|0x0000000088600000, 0x0000000088600000, 0x0000000088700000|  0%| F|  |TAMS 0x0000000088600000| PB 0x0000000088600000| Untracked 
|  95|0x0000000088700000, 0x0000000088700000, 0x0000000088800000|  0%| F|  |TAMS 0x0000000088700000| PB 0x0000000088700000| Untracked 
|  96|0x0000000088800000, 0x0000000088800000, 0x0000000088900000|  0%| F|  |TAMS 0x0000000088800000| PB 0x0000000088800000| Untracked 
|  97|0x0000000088900000, 0x0000000088900000, 0x0000000088a00000|  0%| F|  |TAMS 0x0000000088900000| PB 0x0000000088900000| Untracked 
|  98|0x0000000088a00000, 0x0000000088a00000, 0x0000000088b00000|  0%| F|  |TAMS 0x0000000088a00000| PB 0x0000000088a00000| Untracked 
|  99|0x0000000088b00000, 0x0000000088b00000, 0x0000000088c00000|  0%| F|  |TAMS 0x0000000088b00000| PB 0x0000000088b00000| Untracked 
| 100|0x0000000088c00000, 0x0000000088c00000, 0x0000000088d00000|  0%| F|  |TAMS 0x0000000088c00000| PB 0x0000000088c00000| Untracked 
| 101|0x0000000088d00000, 0x0000000088d00000, 0x0000000088e00000|  0%| F|  |TAMS 0x0000000088d00000| PB 0x0000000088d00000| Untracked 
| 102|0x0000000088e00000, 0x0000000088e00000, 0x0000000088f00000|  0%| F|  |TAMS 0x0000000088e00000| PB 0x0000000088e00000| Untracked 
| 103|0x0000000088f00000, 0x0000000088f00000, 0x0000000089000000|  0%| F|  |TAMS 0x0000000088f00000| PB 0x0000000088f00000| Untracked 
| 104|0x0000000089000000, 0x0000000089000000, 0x0000000089100000|  0%| F|  |TAMS 0x0000000089000000| PB 0x0000000089000000| Untracked 
| 105|0x0000000089100000, 0x0000000089100000, 0x0000000089200000|  0%| F|  |TAMS 0x0000000089100000| PB 0x0000000089100000| Untracked 
| 106|0x0000000089200000, 0x0000000089200000, 0x0000000089300000|  0%| F|  |TAMS 0x0000000089200000| PB 0x0000000089200000| Untracked 
| 107|0x0000000089300000, 0x0000000089300000, 0x0000000089400000|  0%| F|  |TAMS 0x0000000089300000| PB 0x0000000089300000| Untracked 
| 108|0x0000000089400000, 0x0000000089400000, 0x0000000089500000|  0%| F|  |TAMS 0x0000000089400000| PB 0x0000000089400000| Untracked 
| 109|0x0000000089500000, 0x0000000089500000, 0x0000000089600000|  0%| F|  |TAMS 0x0000000089500000| PB 0x0000000089500000| Untracked 
| 110|0x0000000089600000, 0x0000000089600000, 0x0000000089700000|  0%| F|  |TAMS 0x0000000089600000| PB 0x0000000089600000| Untracked 
| 111|0x0000000089700000, 0x0000000089700000, 0x0000000089800000|  0%| F|  |TAMS 0x0000000089700000| PB 0x0000000089700000| Untracked 
| 112|0x0000000089800000, 0x0000000089800000, 0x0000000089900000|  0%| F|  |TAMS 0x0000000089800000| PB 0x0000000089800000| Untracked 
| 113|0x0000000089900000, 0x0000000089900000, 0x0000000089a00000|  0%| F|  |TAMS 0x0000000089900000| PB 0x0000000089900000| Untracked 
| 114|0x0000000089a00000, 0x0000000089a00000, 0x0000000089b00000|  0%| F|  |TAMS 0x0000000089a00000| PB 0x0000000089a00000| Untracked 
| 115|0x0000000089b00000, 0x0000000089c00000, 0x0000000089c00000|100%| E|  |TAMS 0x0000000089b00000| PB 0x0000000089b00000| Complete 
| 116|0x0000000089c00000, 0x0000000089d00000, 0x0000000089d00000|100%| E|CS|TAMS 0x0000000089c00000| PB 0x0000000089c00000| Complete 
| 117|0x0000000089d00000, 0x0000000089e00000, 0x0000000089e00000|100%| E|CS|TAMS 0x0000000089d00000| PB 0x0000000089d00000| Complete 
| 118|0x0000000089e00000, 0x0000000089f00000, 0x0000000089f00000|100%| E|CS|TAMS 0x0000000089e00000| PB 0x0000000089e00000| Complete 
| 119|0x0000000089f00000, 0x000000008a000000, 0x000000008a000000|100%| E|CS|TAMS 0x0000000089f00000| PB 0x0000000089f00000| Complete 
| 120|0x000000008a000000, 0x000000008a100000, 0x000000008a100000|100%| E|CS|TAMS 0x000000008a000000| PB 0x000000008a000000| Complete 
| 121|0x000000008a100000, 0x000000008a200000, 0x000000008a200000|100%| E|CS|TAMS 0x000000008a100000| PB 0x000000008a100000| Complete 
| 122|0x000000008a200000, 0x000000008a300000, 0x000000008a300000|100%| E|CS|TAMS 0x000000008a200000| PB 0x000000008a200000| Complete 
| 123|0x000000008a300000, 0x000000008a400000, 0x000000008a400000|100%| E|CS|TAMS 0x000000008a300000| PB 0x000000008a300000| Complete 
| 124|0x000000008a400000, 0x000000008a500000, 0x000000008a500000|100%| E|CS|TAMS 0x000000008a400000| PB 0x000000008a400000| Complete 
| 125|0x000000008a500000, 0x000000008a600000, 0x000000008a600000|100%| E|CS|TAMS 0x000000008a500000| PB 0x000000008a500000| Complete 

Card table byte_map: [0x0000028f26e10000,0x0000028f27200000] _byte_map_base: 0x0000028f269fc000

Marking Bits: (CMBitMap*) 0x0000028f0f2dfdd0
 Bits: [0x0000028f27200000, 0x0000028f29160000)

Polling page: 0x0000028f0ea50000

Metaspace:

Usage:
  Non-class:      2.62 MB used.
      Class:    278.10 KB used.
       Both:      2.89 MB used.

Virtual space:
  Non-class space:       64.00 MB reserved,       2.69 MB (  4%) committed,  1 nodes.
      Class space:        1.00 GB reserved,     320.00 KB ( <1%) committed,  1 nodes.
             Both:        1.06 GB reserved,       3.00 MB ( <1%) committed. 

Chunk freelists:
   Non-Class:  10.83 MB
       Class:  15.58 MB
        Both:  26.41 MB

MaxMetaspaceSize: unlimited
CompressedClassSpaceSize: 1.00 GB
Initial GC threshold: 21.00 MB
Current GC threshold: 21.00 MB
CDS: on
 - commit_granule_bytes: 65536.
 - commit_granule_words: 8192.
 - virtual_space_node_default_size: 8388608.
 - enlarge_chunks_in_place: 1.
 - use_allocation_guard: 0.


Internal statistics:

num_allocs_failed_limit: 0.
num_arena_births: 38.
num_arena_deaths: 0.
num_vsnodes_births: 2.
num_vsnodes_deaths: 0.
num_space_committed: 48.
num_space_uncommitted: 0.
num_chunks_returned_to_freelist: 0.
num_chunks_taken_from_freelist: 107.
num_chunk_merges: 0.
num_chunk_splits: 68.
num_chunks_enlarged: 52.
num_inconsistent_stats: 0.

CodeHeap 'non-profiled nmethods': size=120000Kb used=229Kb max_used=229Kb free=119770Kb
 bounds [0x0000028f1f1c0000, 0x0000028f1f430000, 0x0000028f266f0000]
CodeHeap 'profiled nmethods': size=120000Kb used=1378Kb max_used=1378Kb free=118622Kb
 bounds [0x0000028f176f0000, 0x0000028f17960000, 0x0000028f1ec20000]
CodeHeap 'non-nmethods': size=5760Kb used=1334Kb max_used=1352Kb free=4425Kb
 bounds [0x0000028f1ec20000, 0x0000028f1ee90000, 0x0000028f1f1c0000]
 total_blobs=1173 nmethods=730 adapters=348
 compilation: enabled
              stopped_count=0, restarted_count=0
 full_count=0

Compilation events (20 events):
Event: 0.423 Thread 0x0000028f2bc40a60 nmethod 715 0x0000028f1782fc90 code [0x0000028f1782fe40, 0x0000028f17830018]
Event: 0.424 Thread 0x0000028f2bc40a60  716   !   3       java.util.zip.ZipFile::getInputStream (275 bytes)
Event: 0.425 Thread 0x0000028f2bc40a60 nmethod 716 0x0000028f17830110 code [0x0000028f17830420, 0x0000028f178315d0]
Event: 0.425 Thread 0x0000028f2bc40a60  717       3       java.util.zip.ZipFile$ZipFileInputStream::<init> (96 bytes)
Event: 0.426 Thread 0x0000028f2bc40a60 nmethod 717 0x0000028f17832090 code [0x0000028f178322e0, 0x0000028f17832d18]
Event: 0.426 Thread 0x0000028f2bc40a60  718       3       java.util.zip.ZipUtils::LOCNAM (7 bytes)
Event: 0.427 Thread 0x0000028f2bc40a60 nmethod 718 0x0000028f17833190 code [0x0000028f17833340, 0x0000028f178334e0]
Event: 0.427 Thread 0x0000028f2bc40a60  720       3       sun.net.www.protocol.file.Handler::parseURL (18 bytes)
Event: 0.427 Thread 0x0000028f2bc40a60 nmethod 720 0x0000028f17833610 code [0x0000028f178337c0, 0x0000028f17833980]
Event: 0.427 Thread 0x0000028f2bc40a60  721       3       java.net.URLStreamHandler::parseURL (1124 bytes)
Event: 0.430 Thread 0x0000028f716937f0 nmethod 707 0x0000028f1f1f6210 code [0x0000028f1f1f6440, 0x0000028f1f1f6db8]
Event: 0.430 Thread 0x0000028f716937f0  719  s!   4       jdk.internal.loader.URLClassPath::getLoader (194 bytes)
Event: 0.433 Thread 0x0000028f2bc3f820 nmethod 713 0x0000028f1f1f7410 code [0x0000028f1f1f75e0, 0x0000028f1f1f7d50]
Event: 0.433 Thread 0x0000028f2bc3f820  727       4       java.util.Objects::requireNonNull (15 bytes)
Event: 0.434 Thread 0x0000028f2bc3f820 nmethod 727 0x0000028f1f1f8110 code [0x0000028f1f1f82a0, 0x0000028f1f1f8330]
Event: 0.434 Thread 0x0000028f2bc3f820  728       4       java.util.Objects::requireNonNull (14 bytes)
Event: 0.434 Thread 0x0000028f2bc3f820 nmethod 728 0x0000028f1f1f8410 code [0x0000028f1f1f85a0, 0x0000028f1f1f8628]
Event: 0.434 Thread 0x0000028f2bc3f820  726       4       java.util.zip.ZipCoder::hash (36 bytes)
Event: 0.438 Thread 0x0000028f2bc3f820 nmethod 726 0x0000028f1f1f8710 code [0x0000028f1f1f8900, 0x0000028f1f1f8d78]
Event: 0.438 Thread 0x0000028f2bc3f820  731   !   4       jdk.internal.loader.URLClassPath$JarLoader::ensureOpen (36 bytes)

GC Heap History (0 events):
No events

Dll operation events (8 events):
Event: 0.010 Loaded shared library C:\Program Files\Java\jdk-21\bin\java.dll
Event: 0.046 Loaded shared library C:\Program Files\Java\jdk-21\bin\jsvml.dll
Event: 0.069 Loaded shared library C:\Program Files\Java\jdk-21\bin\net.dll
Event: 0.072 Loaded shared library C:\Program Files\Java\jdk-21\bin\nio.dll
Event: 0.075 Loaded shared library C:\Program Files\Java\jdk-21\bin\zip.dll
Event: 0.208 Loaded shared library C:\Program Files\Java\jdk-21\bin\jimage.dll
Event: 0.209 Loaded shared library C:\Users\Nitin\.m2\wrapper\dists\apache-maven-3.9.7\744dcc12d591e1ad9413e3296c618fd8\lib\jansi-native\Windows\x86_64\jansi.dll
Event: 0.225 Loaded shared library C:\Program Files\Java\jdk-21\bin\verify.dll

Deoptimization events (20 events):
Event: 0.410 Thread 0x0000028f0d03fd80 Uncommon trap: trap_request=0xffffff45 fr.pc=0x0000028f1f1f3988 relative=0x0000000000000748
Event: 0.410 Thread 0x0000028f0d03fd80 Uncommon trap: reason=unstable_if action=reinterpret pc=0x0000028f1f1f3988 method=java.util.regex.Matcher.search(I)Z @ 30 c2
Event: 0.410 Thread 0x0000028f0d03fd80 DEOPT PACKING pc=0x0000028f1f1f3988 sp=0x000000d47ddfda50
Event: 0.410 Thread 0x0000028f0d03fd80 DEOPT UNPACKING pc=0x0000028f1ec746a2 sp=0x000000d47ddfda30 mode 2
Event: 0.414 Thread 0x0000028f0d03fd80 Uncommon trap: trap_request=0xffffff45 fr.pc=0x0000028f1f1cf6e8 relative=0x0000000000000508
Event: 0.414 Thread 0x0000028f0d03fd80 Uncommon trap: reason=unstable_if action=reinterpret pc=0x0000028f1f1cf6e8 method=java.lang.StringLatin1.canEncode(I)Z @ 4 c2
Event: 0.414 Thread 0x0000028f0d03fd80 DEOPT PACKING pc=0x0000028f1f1cf6e8 sp=0x000000d47ddfe080
Event: 0.414 Thread 0x0000028f0d03fd80 DEOPT UNPACKING pc=0x0000028f1ec746a2 sp=0x000000d47ddfdfb8 mode 2
Event: 0.414 Thread 0x0000028f0d03fd80 Uncommon trap: trap_request=0xffffff45 fr.pc=0x0000028f1f1d0858 relative=0x00000000000004f8
Event: 0.414 Thread 0x0000028f0d03fd80 Uncommon trap: reason=unstable_if action=reinterpret pc=0x0000028f1f1d0858 method=java.lang.AbstractStringBuilder.isLatin1()Z @ 10 c2
Event: 0.414 Thread 0x0000028f0d03fd80 DEOPT PACKING pc=0x0000028f1f1d0858 sp=0x000000d47ddfe0a0
Event: 0.414 Thread 0x0000028f0d03fd80 DEOPT UNPACKING pc=0x0000028f1ec746a2 sp=0x000000d47ddfe030 mode 2
Event: 0.414 Thread 0x0000028f0d03fd80 Uncommon trap: trap_request=0xffffff45 fr.pc=0x0000028f1f1d590c relative=0x000000000000006c
Event: 0.414 Thread 0x0000028f0d03fd80 Uncommon trap: reason=unstable_if action=reinterpret pc=0x0000028f1f1d590c method=java.lang.AbstractStringBuilder.isLatin1()Z @ 10 c2
Event: 0.414 Thread 0x0000028f0d03fd80 DEOPT PACKING pc=0x0000028f1f1d590c sp=0x000000d47ddfe0a0
Event: 0.414 Thread 0x0000028f0d03fd80 DEOPT UNPACKING pc=0x0000028f1ec746a2 sp=0x000000d47ddfe030 mode 2
Event: 0.421 Thread 0x0000028f0d03fd80 Uncommon trap: trap_request=0xffffff45 fr.pc=0x0000028f1f1ca1e8 relative=0x0000000000000048
Event: 0.422 Thread 0x0000028f0d03fd80 Uncommon trap: reason=unstable_if action=reinterpret pc=0x0000028f1f1ca1e8 method=java.lang.StringLatin1.canEncode(I)Z @ 4 c2
Event: 0.422 Thread 0x0000028f0d03fd80 DEOPT PACKING pc=0x0000028f1f1ca1e8 sp=0x000000d47ddfe030
Event: 0.422 Thread 0x0000028f0d03fd80 DEOPT UNPACKING pc=0x0000028f1ec746a2 sp=0x000000d47ddfdfc0 mode 2

Classes loaded (20 events):
Event: 0.358 Loading class java/util/concurrent/locks/ReentrantReadWriteLock$Sync done
Event: 0.358 Loading class java/util/concurrent/locks/ReentrantReadWriteLock$NonfairSync done
Event: 0.358 Loading class java/util/concurrent/locks/ReentrantReadWriteLock$Sync$ThreadLocalHoldCounter
Event: 0.358 Loading class java/util/concurrent/locks/ReentrantReadWriteLock$Sync$ThreadLocalHoldCounter done
Event: 0.358 Loading class java/util/concurrent/locks/ReentrantReadWriteLock$ReadLock
Event: 0.359 Loading class java/util/concurrent/locks/ReentrantReadWriteLock$ReadLock done
Event: 0.359 Loading class java/util/concurrent/locks/ReentrantReadWriteLock$WriteLock
Event: 0.359 Loading class java/util/concurrent/locks/ReentrantReadWriteLock$WriteLock done
Event: 0.363 Loading class java/text/ParseException
Event: 0.363 Loading class java/text/ParseException done
Event: 0.375 Loading class sun/util/calendar/ZoneInfoFile$Checksum
Event: 0.375 Loading class sun/util/calendar/ZoneInfoFile$Checksum done
Event: 0.377 Loading class jdk/internal/module/ModulePatcher$PatchedModuleReader
Event: 0.378 Loading class jdk/internal/module/ModulePatcher$PatchedModuleReader done
Event: 0.378 Loading class sun/net/www/protocol/jrt/Handler
Event: 0.378 Loading class sun/net/www/protocol/jrt/Handler done
Event: 0.412 Loading class sun/text/resources/cldr/FormatData_en
Event: 0.412 Loading class sun/text/resources/cldr/FormatData_en done
Event: 0.413 Loading class sun/text/resources/cldr/FormatData_en_US
Event: 0.413 Loading class sun/text/resources/cldr/FormatData_en_US done

Classes unloaded (0 events):
No events

Classes redefined (0 events):
No events

Internal exceptions (15 events):
Event: 0.114 Thread 0x0000028f0d03fd80 Exception <a 'java/lang/NoSuchMethodError'{0x000000008a3182e0}: 'int java.lang.invoke.DirectMethodHandle$Holder.invokeSpecial(java.lang.Object, java.lang.Object, java.lang.Object)'> (0x000000008a3182e0) 
thrown [s\open\src\hotspot\share\interpreter\linkResolver.cpp, line 773]
Event: 0.188 Thread 0x0000028f0d03fd80 Exception <a 'java/lang/NoSuchMethodError'{0x000000008a165088}: 'java.lang.Object java.lang.invoke.Invokers$Holder.invokeExact_MT(java.lang.Object, java.lang.Object, java.lang.Object, java.lang.Object, java.lang.Object)'> (0x000000008a165088) 
thrown [s\open\src\hotspot\share\interpreter\linkResolver.cpp, line 773]
Event: 0.202 Thread 0x0000028f0d03fd80 Exception <a 'java/lang/NullPointerException'{0x000000008a037f38}> (0x000000008a037f38) 
thrown [s\open\src\hotspot\share\interpreter\linkResolver.cpp, line 1372]
Event: 0.211 Thread 0x0000028f0d03fd80 Exception <a 'java/lang/NullPointerException'{0x000000008a055b58}> (0x000000008a055b58) 
thrown [s\open\src\hotspot\share\interpreter\linkResolver.cpp, line 1372]
Event: 0.211 Thread 0x0000028f0d03fd80 Exception <a 'java/lang/NullPointerException'{0x000000008a055e38}> (0x000000008a055e38) 
thrown [s\open\src\hotspot\share\interpreter\linkResolver.cpp, line 1372]
Event: 0.211 Thread 0x0000028f0d03fd80 Exception <a 'java/lang/NullPointerException'{0x000000008a056118}> (0x000000008a056118) 
thrown [s\open\src\hotspot\share\interpreter\linkResolver.cpp, line 1372]
Event: 0.213 Thread 0x0000028f0d03fd80 Exception <a 'java/lang/NullPointerException'{0x000000008a05bb80}> (0x000000008a05bb80) 
thrown [s\open\src\hotspot\share\interpreter\linkResolver.cpp, line 1372]
Event: 0.216 Thread 0x0000028f0d03fd80 Exception <a 'java/lang/NullPointerException'{0x000000008a06fb00}> (0x000000008a06fb00) 
thrown [s\open\src\hotspot\share\interpreter\linkResolver.cpp, line 1372]
Event: 0.216 Thread 0x0000028f0d03fd80 Exception <a 'java/lang/NullPointerException'{0x000000008a06fde0}> (0x000000008a06fde0) 
thrown [s\open\src\hotspot\share\interpreter\linkResolver.cpp, line 1372]
Event: 0.216 Thread 0x0000028f0d03fd80 Exception <a 'java/lang/NullPointerException'{0x000000008a0700c0}> (0x000000008a0700c0) 
thrown [s\open\src\hotspot\share\interpreter\linkResolver.cpp, line 1372]
Event: 0.216 Thread 0x0000028f0d03fd80 Exception <a 'java/lang/NullPointerException'{0x000000008a0703a0}> (0x000000008a0703a0) 
thrown [s\open\src\hotspot\share\interpreter\linkResolver.cpp, line 1372]
Event: 0.238 Thread 0x0000028f0d03fd80 Exception <a 'java/lang/NoSuchMethodError'{0x0000000089f61110}: 'void java.lang.invoke.DirectMethodHandle$Holder.invokeStatic(java.lang.Object, java.lang.Object)'> (0x0000000089f61110) 
thrown [s\open\src\hotspot\share\interpreter\linkResolver.cpp, line 773]
Event: 0.238 Thread 0x0000028f0d03fd80 Exception <a 'java/lang/NoSuchMethodError'{0x0000000089f644e0}: 'void java.lang.invoke.DirectMethodHandle$Holder.invokeStaticInit(java.lang.Object, java.lang.Object)'> (0x0000000089f644e0) 
thrown [s\open\src\hotspot\share\interpreter\linkResolver.cpp, line 773]
Event: 0.251 Thread 0x0000028f0d03fd80 Exception <a 'java/lang/NoSuchMethodError'{0x0000000089fadf08}: 'void java.lang.invoke.DirectMethodHandle$Holder.invokeStatic(java.lang.Object, java.lang.Object, java.lang.Object)'> (0x0000000089fadf08) 
thrown [s\open\src\hotspot\share\interpreter\linkResolver.cpp, line 773]
Event: 0.338 Thread 0x0000028f0d03fd80 Exception <a 'java/lang/NoSuchMethodError'{0x0000000089d74960}: 'java.lang.Object java.lang.invoke.DirectMethodHandle$Holder.invokeSpecialIFC(java.lang.Object, java.lang.Object, java.lang.Object, java.lang.Object)'> (0x0000000089d74960) 
thrown [s\open\src\hotspot\share\interpreter\linkResolver.cpp, line 773]

ZGC Phase Switch (0 events):
No events

VM Operations (6 events):
Event: 0.077 Executing VM operation: HandshakeAllThreads (Deoptimize)
Event: 0.077 Executing VM operation: HandshakeAllThreads (Deoptimize) done
Event: 0.201 Executing VM operation: HandshakeAllThreads (Deoptimize)
Event: 0.201 Executing VM operation: HandshakeAllThreads (Deoptimize) done
Event: 0.212 Executing VM operation: HandshakeAllThreads (Deoptimize)
Event: 0.212 Executing VM operation: HandshakeAllThreads (Deoptimize) done

Events (14 events):
Event: 0.027 Thread 0x0000028f0d03fd80 Thread added: 0x0000028f0d03fd80
Event: 0.043 Thread 0x0000028f2bc0df00 Thread added: 0x0000028f2bc0df00
Event: 0.043 Thread 0x0000028f2bc10c30 Thread added: 0x0000028f2bc10c30
Event: 0.044 Thread 0x0000028f2bc14340 Thread added: 0x0000028f2bc14340
Event: 0.044 Thread 0x0000028f2bc17280 Thread added: 0x0000028f2bc17280
Event: 0.044 Thread 0x0000028f2bc180f0 Thread added: 0x0000028f2bc180f0
Event: 0.044 Thread 0x0000028f2bc157a0 Thread added: 0x0000028f2bc157a0
Event: 0.044 Thread 0x0000028f2bc3f820 Thread added: 0x0000028f2bc3f820
Event: 0.044 Thread 0x0000028f2bc40a60 Thread added: 0x0000028f2bc40a60
Event: 0.063 Thread 0x0000028f7115b4b0 Thread added: 0x0000028f7115b4b0
Event: 0.066 Thread 0x0000028f71164120 Thread added: 0x0000028f71164120
Event: 0.205 Thread 0x0000028f7120cc20 Thread added: 0x0000028f7120cc20
Event: 0.215 Thread 0x0000028f7120cc20 Thread exited: 0x0000028f7120cc20
Event: 0.370 Thread 0x0000028f716937f0 Thread added: 0x0000028f716937f0


Dynamic libraries:
0x00007ff697f20000 - 0x00007ff697f30000 	C:\Program Files\Java\jdk-21\bin\java.exe
0x00007ffb60cb0000 - 0x00007ffb60ec7000 	C:\WINDOWS\SYSTEM32\ntdll.dll
0x00007ffb5fb50000 - 0x00007ffb5fc14000 	C:\WINDOWS\System32\KERNEL32.DLL
0x00007ffb5e540000 - 0x00007ffb5e8ed000 	C:\WINDOWS\System32\KERNELBASE.dll
0x00007ffb5dfd0000 - 0x00007ffb5e0e1000 	C:\WINDOWS\System32\ucrtbase.dll
0x00007ffb56fe0000 - 0x00007ffb56ffb000 	C:\Program Files\Java\jdk-21\bin\VCRUNTIME140.dll
0x00007ffb48990000 - 0x00007ffb489a9000 	C:\Program Files\Java\jdk-21\bin\jli.dll
0x00007ffb60bb0000 - 0x00007ffb60c62000 	C:\WINDOWS\System32\ADVAPI32.dll
0x00007ffb5fe50000 - 0x00007ffb5fef7000 	C:\WINDOWS\System32\msvcrt.dll
0x00007ffb5f980000 - 0x00007ffb5fa29000 	C:\WINDOWS\System32\sechost.dll
0x00007ffb5e9b0000 - 0x00007ffb5e9d8000 	C:\WINDOWS\System32\bcrypt.dll
0x00007ffb5fa30000 - 0x00007ffb5fb44000 	C:\WINDOWS\System32\RPCRT4.dll
0x00007ffb5fc20000 - 0x00007ffb5fdce000 	C:\WINDOWS\System32\USER32.dll
0x00007ffb5e490000 - 0x00007ffb5e4b6000 	C:\WINDOWS\System32\win32u.dll
0x00007ffb49880000 - 0x00007ffb49b13000 	C:\WINDOWS\WinSxS\amd64_microsoft.windows.common-controls_6595b64144ccf1df_6.0.22621.3672_none_2713b9d173822955\COMCTL32.dll
0x00007ffb60b80000 - 0x00007ffb60ba9000 	C:\WINDOWS\System32\GDI32.dll
0x00007ffb5e200000 - 0x00007ffb5e319000 	C:\WINDOWS\System32\gdi32full.dll
0x00007ffb5e0f0000 - 0x00007ffb5e18a000 	C:\WINDOWS\System32\msvcp_win.dll
0x00007ffb56660000 - 0x00007ffb5666a000 	C:\WINDOWS\SYSTEM32\VERSION.dll
0x00007ffb5ee20000 - 0x00007ffb5ee51000 	C:\WINDOWS\System32\IMM32.DLL
0x00007ffb57330000 - 0x00007ffb5733c000 	C:\Program Files\Java\jdk-21\bin\vcruntime140_1.dll
0x00007ffb43e60000 - 0x00007ffb43eee000 	C:\Program Files\Java\jdk-21\bin\msvcp140.dll
0x00007ffb15350000 - 0x00007ffb16067000 	C:\Program Files\Java\jdk-21\bin\server\jvm.dll
0x00007ffb5ed10000 - 0x00007ffb5ed81000 	C:\WINDOWS\System32\WS2_32.dll
0x00007ffb5de90000 - 0x00007ffb5dedd000 	C:\WINDOWS\SYSTEM32\POWRPROF.dll
0x00007ffb56280000 - 0x00007ffb562b4000 	C:\WINDOWS\SYSTEM32\WINMM.dll
0x00007ffb5ddc0000 - 0x00007ffb5ddd3000 	C:\WINDOWS\SYSTEM32\UMPDC.dll
0x00007ffb5d000000 - 0x00007ffb5d018000 	C:\WINDOWS\SYSTEM32\kernel.appcore.dll
0x00007ffb57020000 - 0x00007ffb5702a000 	C:\Program Files\Java\jdk-21\bin\jimage.dll
0x00007ffb5b900000 - 0x00007ffb5bb32000 	C:\WINDOWS\SYSTEM32\DBGHELP.DLL
0x00007ffb607f0000 - 0x00007ffb60b7d000 	C:\WINDOWS\System32\combase.dll
0x00007ffb5ef60000 - 0x00007ffb5f037000 	C:\WINDOWS\System32\OLEAUT32.dll
0x00007ffb41da0000 - 0x00007ffb41dd2000 	C:\WINDOWS\SYSTEM32\dbgcore.DLL
0x00007ffb5e4c0000 - 0x00007ffb5e53b000 	C:\WINDOWS\System32\bcryptPrimitives.dll
0x00007ffb54ea0000 - 0x00007ffb54ebf000 	C:\Program Files\Java\jdk-21\bin\java.dll
0x00007ffb5f0a0000 - 0x00007ffb5f908000 	C:\WINDOWS\System32\SHELL32.dll
0x00007ffb5bf20000 - 0x00007ffb5c81e000 	C:\WINDOWS\SYSTEM32\windows.storage.dll
0x00007ffb5bde0000 - 0x00007ffb5bf1f000 	C:\WINDOWS\SYSTEM32\wintypes.dll
0x00007ffb5ee60000 - 0x00007ffb5ef59000 	C:\WINDOWS\System32\SHCORE.dll
0x00007ffb5f040000 - 0x00007ffb5f09e000 	C:\WINDOWS\System32\shlwapi.dll
0x00007ffb5df00000 - 0x00007ffb5df21000 	C:\WINDOWS\SYSTEM32\profapi.dll
0x00007ffb45010000 - 0x00007ffb450e7000 	C:\Program Files\Java\jdk-21\bin\jsvml.dll
0x00007ffb564a0000 - 0x00007ffb564b0000 	C:\Program Files\Java\jdk-21\bin\net.dll
0x00007ffb56c30000 - 0x00007ffb56d66000 	C:\WINDOWS\SYSTEM32\WINHTTP.dll
0x00007ffb5d470000 - 0x00007ffb5d4d9000 	C:\WINDOWS\system32\mswsock.dll
0x00007ffb54e40000 - 0x00007ffb54e56000 	C:\Program Files\Java\jdk-21\bin\nio.dll
0x00007ffb54e20000 - 0x00007ffb54e38000 	C:\Program Files\Java\jdk-21\bin\zip.dll
0x00007ffb48220000 - 0x00007ffb48244000 	C:\Users\Nitin\.m2\wrapper\dists\apache-maven-3.9.7\744dcc12d591e1ad9413e3296c618fd8\lib\jansi-native\Windows\x86_64\jansi.dll
0x00007ffb56350000 - 0x00007ffb56360000 	C:\Program Files\Java\jdk-21\bin\verify.dll

dbghelp: loaded successfully - version: 4.0.5 - missing functions: none
symbol engine: initialized successfully - sym options: 0x614 - pdb path: .;C:\Program Files\Java\jdk-21\bin;C:\WINDOWS\SYSTEM32;C:\WINDOWS\WinSxS\amd64_microsoft.windows.common-controls_6595b64144ccf1df_6.0.22621.3672_none_2713b9d173822955;C:\Program Files\Java\jdk-21\bin\server;C:\Users\Nitin\.m2\wrapper\dists\apache-maven-3.9.7\744dcc12d591e1ad9413e3296c618fd8\lib\jansi-native\Windows\x86_64

VM Arguments:
jvm_args: -Dclassworlds.conf=C:\Users\Nitin\.m2\wrapper\dists\apache-maven-3.9.7\744dcc12d591e1ad9413e3296c618fd8\bin\m2.conf -Dmaven.home=C:\Users\Nitin\.m2\wrapper\dists\apache-maven-3.9.7\744dcc12d591e1ad9413e3296c618fd8 -Dlibrary.jansi.path=C:\Users\Nitin\.m2\wrapper\dists\apache-maven-3.9.7\744dcc12d591e1ad9413e3296c618fd8\lib\jansi-native -Dmaven.multiModuleProjectDirectory=C:\Users\Nitin\OneDrive\Documents\Week_4&5_Exercises\Week_4&5_Exercises\Exercise7\bookstoreapi 
java_command: org.codehaus.plexus.classworlds.launcher.Launcher -DskipTests=true -Dmaven.ext.class.path=C:\Users\Nitin\.vscode\extensions\oracle.oracle-java-22.1.1\nbcode\java\maven-nblib\netbeans-eventspy.jar --no-transfer-progress --fail-at-end install
java_class_path (initial): C:\Users\Nitin\.m2\wrapper\dists\apache-maven-3.9.7\744dcc12d591e1ad9413e3296c618fd8\boot\plexus-classworlds-2.8.0.jar
Launcher Type: SUN_STANDARD

[Global flags]
     intx CICompilerCount                          = 4                                         {product} {ergonomic}
     uint ConcGCThreads                            = 2                                         {product} {ergonomic}
     uint G1ConcRefinementThreads                  = 8                                         {product} {ergonomic}
   size_t G1HeapRegionSize                         = 1048576                                   {product} {ergonomic}
    uintx GCDrainStackTargetSize                   = 64                                        {product} {ergonomic}
   size_t InitialHeapSize                          = 132120576                                 {product} {ergonomic}
   size_t MarkStackSize                            = 4194304                                   {product} {ergonomic}
   size_t MaxHeapSize                              = 2105540608                                {product} {ergonomic}
   size_t MaxNewSize                               = 1262485504                                {product} {ergonomic}
   size_t MinHeapDeltaBytes                        = 1048576                                   {product} {ergonomic}
   size_t MinHeapSize                              = 8388608                                   {product} {ergonomic}
    uintx NonNMethodCodeHeapSize                   = 5839372                                {pd product} {ergonomic}
    uintx NonProfiledCodeHeapSize                  = 122909434                              {pd product} {ergonomic}
    uintx ProfiledCodeHeapSize                     = 122909434                              {pd product} {ergonomic}
    uintx ReservedCodeCacheSize                    = 251658240                              {pd product} {ergonomic}
     bool SegmentedCodeCache                       = true                                      {product} {ergonomic}
   size_t SoftMaxHeapSize                          = 2105540608                             {manageable} {ergonomic}
     bool UseCompressedOops                        = true                           {product lp64_product} {ergonomic}
     bool UseG1GC                                  = true                                      {product} {ergonomic}
     bool UseLargePagesIndividualAllocation        = false                                  {pd product} {ergonomic}

Logging:
Log output configuration:
 #0: stdout all=warning uptime,level,tags foldmultilines=false
 #1: stderr all=off uptime,level,tags foldmultilines=false

Environment Variables:
JAVA_HOME=C:\Program Files\Java\jdk-21
PATH=C:\Program Files\Common Files\Oracle\Java\javapath;C:\WINDOWS\system32;C:\WINDOWS;C:\WINDOWS\System32\Wbem;C:\WINDOWS\System32\WindowsPowerShell\v1.0\;C:\WINDOWS\System32\OpenSSH\;C:\MinGW\bin;C:\Program Files\Microsoft SQL Server\140\Tools\Binn\;C:\Program Files\dotnet\;C:\Program Files\MongoDB\Server\7.0\bin;C:\Program Files\mongosh-2.1.0-win32-x64\bin;C:\ProgramData\chocolatey\bin;C:\Program Files\Git\cmd;C:\Python312;C:\Users\Nitin\AppData\Roaming\nvm;C:\Program Files\nodejs;C:\Program Files\nodejs;C:\Program Files\nodejs\;C:\Program Files\Java\jdk-21\bin;C:\Users\Nitin\AppData\Local\Microsoft\WindowsApps;C:\Users\Nitin\AppData\Local\Programs\Microsoft VS Code\bin;C:\Users\Nitin\AppData\Roaming\nvm;C:\Program Files\nodejs;C:\Users\Nitin\AppData\Roaming\npm;C:\Program Files\sf\bin
USERNAME=Nitin
OS=Windows_NT
PROCESSOR_IDENTIFIER=Intel64 Family 6 Model 142 Stepping 12, GenuineIntel
TMP=C:\Users\Nitin\AppData\Local\Temp
TEMP=C:\Users\Nitin\AppData\Local\Temp




Periodic native trim disabled

---------------  S Y S T E M  ---------------

OS:
 Windows 11 , 64 bit Build 22621 (10.0.22621.3958)
OS uptime: 2 days 22:39 hours

CPU: total 8 (initial active 8) (4 cores per cpu, 2 threads per core) family 6 model 142 stepping 12 microcode 0xde, cx8, cmov, fxsr, ht, mmx, 3dnowpref, sse, sse2, sse3, ssse3, sse4.1, sse4.2, popcnt, lzcnt, tsc, tscinvbit, avx, avx2, aes, erms, clmul, bmi1, bmi2, adx, fma, vzeroupper, clflush, clflushopt, rdtscp, f16c
Processor Information for processor 0
  Max Mhz: 2101, Current Mhz: 1500, Mhz Limit: 2101
Processor Information for processor 1
  Max Mhz: 2101, Current Mhz: 1500, Mhz Limit: 2101
Processor Information for processor 2
  Max Mhz: 2101, Current Mhz: 1500, Mhz Limit: 2101
Processor Information for processor 3
  Max Mhz: 2101, Current Mhz: 2101, Mhz Limit: 2101
Processor Information for processor 4
  Max Mhz: 2101, Current Mhz: 1500, Mhz Limit: 2101
Processor Information for processor 5
  Max Mhz: 2101, Current Mhz: 1500, Mhz Limit: 2101
Processor Information for processor 6
  Max Mhz: 2101, Current Mhz: 2101, Mhz Limit: 2101
Processor Information for processor 7
  Max Mhz: 2101, Current Mhz: 1500, Mhz Limit: 2101

Memory: 4k page, system-wide physical 8028M (672M free)
TotalPageFile size 10076M (AvailPageFile size 5M)
current process WorkingSet (physical memory assigned to process): 59M, peak: 59M
current process commit charge ("private bytes"): 219M, peak: 219M

vm_info: Java HotSpot(TM) 64-Bit Server VM (21.0.2+13-LTS-58) for windows-amd64 JRE (21.0.2+13-LTS-58), built on 2024-01-05T18:32:24Z by "mach5one" with MS VC++ 17.1 (VS2022)

END.
